Build started 02.03.2015 11:22:08.
     1>Project "C:\Users\Ленова\Documents\Visual Studio 2010\Projects\Minecraft\Minecraft\Minecraft.vcxproj" on node 2 (build target(s)).
     1>InitializeBuildStatus:
         Creating "Release\Minecraft.unsuccessfulbuild" because "AlwaysCreate" was specified.
       ClCompile:
         C:\Program Files (x86)\Microsoft Visual Studio 10.0\VC\bin\CL.exe /c /I"D:\SFML-2.0\include" /Zi /nologo /W3 /WX- /O2 /Oi /Oy- /GL /D SFML_DYNAMIC /D _MBCS /Gm- /EHsc /MD /GS /Gy /fp:precise /Zc:wchar_t /Zc:forScope /Fo"Release\\" /Fd"Release\vc100.pdb" /Gd /TP /analyze- /errorReport:prompt main.cpp
         main.cpp
     1>c:\users\ленова\documents\visual studio 2010\projects\minecraft\minecraft\helpFile.hpp(7): warning C4305: 'initializing' : truncation from 'double' to 'const float'
     1>main.cpp(29): warning C4244: '-=' : conversion from 'double' to 'float', possible loss of data
     1>main.cpp(44): warning C4244: 'initializing' : conversion from 'float' to 'int', possible loss of data
     1>main.cpp(45): warning C4244: 'initializing' : conversion from 'float' to 'int', possible loss of data
     1>main.cpp(46): warning C4244: 'initializing' : conversion from 'float' to 'int', possible loss of data
     1>main.cpp(147): warning C4244: 'initializing' : conversion from 'sf::Int32' to 'float', possible loss of data
     1>main.cpp(203): warning C4244: '=' : conversion from 'float' to 'int', possible loss of data
     1>main.cpp(204): warning C4244: '=' : conversion from 'float' to 'int', possible loss of data
     1>main.cpp(205): warning C4244: '=' : conversion from 'float' to 'int', possible loss of data
     1>main.cpp(226): warning C4244: 'initializing' : conversion from 'float' to 'int', possible loss of data
     1>main.cpp(227): warning C4244: 'initializing' : conversion from 'float' to 'int', possible loss of data
     1>main.cpp(228): warning C4244: 'initializing' : conversion from 'float' to 'int', possible loss of data
       Link:
         C:\Program Files (x86)\Microsoft Visual Studio 10.0\VC\bin\link.exe /ERRORREPORT:PROMPT /OUT:"C:\Users\Ленова\Documents\Visual Studio 2010\Projects\Minecraft\Release\Minecraft.exe" /NOLOGO /LIBPATH:"D:\SFML-2.0\lib" "sfml-graphics.lib" "sfml-window.lib" "sfml-system.lib" opengl32.lib glu32.lib kernel32.lib user32.lib gdi32.lib winspool.lib comdlg32.lib advapi32.lib shell32.lib ole32.lib oleaut32.lib uuid.lib odbc32.lib odbccp32.lib /MANIFEST /ManifestFile:"Release\Minecraft.exe.intermediate.manifest" /MANIFESTUAC:"level='asInvoker' uiAccess='false'" /DEBUG /PDB:"C:\Users\Ленова\Documents\Visual Studio 2010\Projects\Minecraft\Release\Minecraft.pdb" /OPT:REF /OPT:ICF /LTCG /TLBID:1 /DYNAMICBASE /NXCOMPAT /IMPLIB:"C:\Users\Ленова\Documents\Visual Studio 2010\Projects\Minecraft\Release\Minecraft.lib" /MACHINE:X86 Release\main.obj
         Generating code
         Finished generating code
         Minecraft.vcxproj -> C:\Users\Ленова\Documents\Visual Studio 2010\Projects\Minecraft\Release\Minecraft.exe
       Manifest:
         C:\Program Files (x86)\Microsoft SDKs\Windows\v7.0A\bin\mt.exe /nologo /verbose /outputresource:"C:\Users\Ленова\Documents\Visual Studio 2010\Projects\Minecraft\Release\Minecraft.exe;#1" /manifest Release\Minecraft.exe.intermediate.manifest
       FinalizeBuildStatus:
         Deleting file "Release\Minecraft.unsuccessfulbuild".
         Touching "Release\Minecraft.lastbuildstate".
     1>Done Building Project "C:\Users\Ленова\Documents\Visual Studio 2010\Projects\Minecraft\Minecraft\Minecraft.vcxproj" (build target(s)).

Build succeeded.

Time Elapsed 00:00:01.49
